八月 18, 2015 2:59:04 下午 com.genuitec.pulse.client.deliverypackage.runtime.internal.Activator initializeLoggers
信息: Package starting up at Tue Aug 18 14:59:04 CST 2015
八月 18, 2015 2:59:06 下午 com.genuitec.pulse.client.deliverypackage.runtime.UpdatesService checkForWorkspaceUpdates
信息: Latest version of package has already been enabled in the workspace; check finished in 16ms
八月 18, 2015 2:59:11 下午 org.springframework.beans.factory.xml.XmlBeanDefinitionReader loadBeanDefinitions
信息: Loading XML bean definitions from file [C:/Users/tomm/Desktop/workplace/github项目/longai/longai/src/conf/springmvc-servlet.xml]
八月 18, 2015 2:59:13 下午 org.springframework.beans.factory.xml.XmlBeanDefinitionReader loadBeanDefinitions
信息: Loading XML bean definitions from file [C:/Users/tomm/Desktop/workplace/github项目/longai/longai/src/conf/applicationContext.xml]
八月 18, 2015 2:59:53 下午 org.springframework.beans.factory.xml.XmlBeanDefinitionReader loadBeanDefinitions
信息: Loading XML bean definitions from file [C:/Users/tomm/Desktop/workplace/github项目/longai/longai/src/conf/applicationContext.xml]
八月 18, 2015 2:59:53 下午 org.springframework.beans.factory.xml.XmlBeanDefinitionReader loadBeanDefinitions
信息: Loading XML bean definitions from file [C:/Users/tomm/Desktop/workplace/github项目/longai/longai/src/conf/springmvc-servlet.xml]
八月 18, 2015 3:00:29 下午 org.springframework.beans.factory.xml.XmlBeanDefinitionReader loadBeanDefinitions
信息: Loading XML bean definitions from file [C:/Users/tomm/Desktop/workplace/github项目/longai/longai/src/conf/applicationContext.xml]
八月 18, 2015 3:00:29 下午 org.springframework.beans.factory.xml.XmlBeanDefinitionReader loadBeanDefinitions
信息: Loading XML bean definitions from file [C:/Users/tomm/Desktop/workplace/github项目/longai/longai/src/conf/springmvc-servlet.xml]
八月 18, 2015 3:00:53 下午 org.springframework.beans.factory.xml.XmlBeanDefinitionReader loadBeanDefinitions
信息: Loading XML bean definitions from file [C:/Users/tomm/Desktop/workplace/github项目/longai/longai/src/conf/applicationContext.xml]
八月 18, 2015 3:00:53 下午 org.springframework.beans.factory.xml.XmlBeanDefinitionReader loadBeanDefinitions
信息: Loading XML bean definitions from file [C:/Users/tomm/Desktop/workplace/github项目/longai/longai/src/conf/springmvc-servlet.xml]
八月 18, 2015 3:00:57 下午 org.springframework.beans.factory.xml.XmlBeanDefinitionReader loadBeanDefinitions
信息: Loading XML bean definitions from file [C:/Users/tomm/Desktop/workplace/github项目/longai/longai/src/conf/applicationContext.xml]
八月 18, 2015 3:00:57 下午 org.springframework.beans.factory.xml.XmlBeanDefinitionReader loadBeanDefinitions
信息: Loading XML bean definitions from file [C:/Users/tomm/Desktop/workplace/github项目/longai/longai/src/conf/springmvc-servlet.xml]
八月 18, 2015 3:01:15 下午 org.springframework.beans.factory.xml.XmlBeanDefinitionReader loadBeanDefinitions
信息: Loading XML bean definitions from file [C:/Users/tomm/Desktop/workplace/github项目/longai/longai/src/conf/applicationContext.xml]
八月 18, 2015 3:01:15 下午 org.springframework.beans.factory.xml.XmlBeanDefinitionReader loadBeanDefinitions
信息: Loading XML bean definitions from file [C:/Users/tomm/Desktop/workplace/github项目/longai/longai/src/conf/springmvc-servlet.xml]
八月 18, 2015 3:01:28 下午 org.springframework.beans.factory.xml.XmlBeanDefinitionReader loadBeanDefinitions
信息: Loading XML bean definitions from file [C:/Users/tomm/Desktop/workplace/github项目/longai/longai/src/conf/applicationContext.xml]
八月 18, 2015 3:01:28 下午 org.springframework.beans.factory.xml.XmlBeanDefinitionReader loadBeanDefinitions
信息: Loading XML bean definitions from file [C:/Users/tomm/Desktop/workplace/github项目/longai/longai/src/conf/springmvc-servlet.xml]
八月 18, 2015 3:01:53 下午 org.springframework.beans.factory.xml.XmlBeanDefinitionReader loadBeanDefinitions
信息: Loading XML bean definitions from file [C:/Users/tomm/Desktop/workplace/github项目/longai/longai/src/conf/applicationContext.xml]
八月 18, 2015 3:01:53 下午 org.springframework.beans.factory.xml.XmlBeanDefinitionReader loadBeanDefinitions
信息: Loading XML bean definitions from file [C:/Users/tomm/Desktop/workplace/github项目/longai/longai/src/conf/springmvc-servlet.xml]
八月 18, 2015 3:02:24 下午 org.springframework.beans.factory.xml.XmlBeanDefinitionReader loadBeanDefinitions
信息: Loading XML bean definitions from file [C:/Users/tomm/Desktop/workplace/github项目/longai/longai/src/conf/applicationContext.xml]
八月 18, 2015 3:02:24 下午 org.springframework.beans.factory.xml.XmlBeanDefinitionReader loadBeanDefinitions
信息: Loading XML bean definitions from file [C:/Users/tomm/Desktop/workplace/github项目/longai/longai/src/conf/springmvc-servlet.xml]
八月 18, 2015 3:02:46 下午 org.springframework.beans.factory.xml.XmlBeanDefinitionReader loadBeanDefinitions
信息: Loading XML bean definitions from file [C:/Users/tomm/Desktop/workplace/github项目/longai/longai/src/conf/applicationContext.xml]
八月 18, 2015 3:02:46 下午 org.springframework.beans.factory.xml.XmlBeanDefinitionReader loadBeanDefinitions
信息: Loading XML bean definitions from file [C:/Users/tomm/Desktop/workplace/github项目/longai/longai/src/conf/springmvc-servlet.xml]
八月 18, 2015 3:03:53 下午 org.springframework.beans.factory.xml.XmlBeanDefinitionReader loadBeanDefinitions
信息: Loading XML bean definitions from file [C:/Users/tomm/Desktop/workplace/github项目/longai/longai/src/conf/springmvc-servlet.xml]
八月 18, 2015 3:04:05 下午 org.springframework.beans.factory.xml.XmlBeanDefinitionReader loadBeanDefinitions
信息: Loading XML bean definitions from file [C:/Users/tomm/Desktop/workplace/github项目/longai/longai/src/conf/applicationContext.xml]
八月 18, 2015 3:05:37 下午 org.springframework.beans.factory.xml.XmlBeanDefinitionReader loadBeanDefinitions
信息: Loading XML bean definitions from file [C:/Users/tomm/Desktop/workplace/github项目/longai/longai/src/conf/applicationContext.xml]
八月 18, 2015 3:05:37 下午 org.springframework.beans.factory.xml.XmlBeanDefinitionReader loadBeanDefinitions
信息: Loading XML bean definitions from file [C:/Users/tomm/Desktop/workplace/github项目/longai/longai/src/conf/springmvc-servlet.xml]
八月 18, 2015 3:05:48 下午 org.springframework.beans.factory.xml.XmlBeanDefinitionReader loadBeanDefinitions
信息: Loading XML bean definitions from file [C:/Users/tomm/Desktop/workplace/github项目/longai/longai/src/conf/applicationContext.xml]
八月 18, 2015 3:05:48 下午 org.springframework.beans.factory.xml.XmlBeanDefinitionReader loadBeanDefinitions
信息: Loading XML bean definitions from file [C:/Users/tomm/Desktop/workplace/github项目/longai/longai/src/conf/springmvc-servlet.xml]
八月 18, 2015 3:06:18 下午 org.springframework.beans.factory.xml.XmlBeanDefinitionReader loadBeanDefinitions
信息: Loading XML bean definitions from file [C:/Users/tomm/Desktop/workplace/github项目/longai/longai/src/conf/applicationContext.xml]
八月 18, 2015 3:06:18 下午 org.springframework.beans.factory.xml.XmlBeanDefinitionReader loadBeanDefinitions
信息: Loading XML bean definitions from file [C:/Users/tomm/Desktop/workplace/github项目/longai/longai/src/conf/springmvc-servlet.xml]
八月 18, 2015 3:06:32 下午 org.springframework.beans.factory.xml.XmlBeanDefinitionReader loadBeanDefinitions
信息: Loading XML bean definitions from file [C:/Users/tomm/Desktop/workplace/github项目/longai/longai/src/conf/applicationContext.xml]
八月 18, 2015 3:06:33 下午 org.springframework.beans.factory.xml.XmlBeanDefinitionReader loadBeanDefinitions
信息: Loading XML bean definitions from file [C:/Users/tomm/Desktop/workplace/github项目/longai/longai/src/conf/springmvc-servlet.xml]
八月 18, 2015 3:08:04 下午 org.springframework.beans.factory.xml.XmlBeanDefinitionReader loadBeanDefinitions
信息: Loading XML bean definitions from file [C:/Users/tomm/Desktop/workplace/github项目/longai/longai/src/conf/applicationContext.xml]
八月 18, 2015 3:08:04 下午 org.springframework.beans.factory.xml.XmlBeanDefinitionReader loadBeanDefinitions
信息: Loading XML bean definitions from file [C:/Users/tomm/Desktop/workplace/github项目/longai/longai/src/conf/springmvc-servlet.xml]
八月 18, 2015 3:08:08 下午 org.springframework.beans.factory.xml.XmlBeanDefinitionReader loadBeanDefinitions
信息: Loading XML bean definitions from file [C:/Users/tomm/Desktop/workplace/github项目/longai/longai/src/conf/applicationContext.xml]
八月 18, 2015 3:08:09 下午 org.springframework.beans.factory.xml.XmlBeanDefinitionReader loadBeanDefinitions
信息: Loading XML bean definitions from file [C:/Users/tomm/Desktop/workplace/github项目/longai/longai/src/conf/springmvc-servlet.xml]
八月 18, 2015 3:08:59 下午 org.springframework.beans.factory.xml.XmlBeanDefinitionReader loadBeanDefinitions
信息: Loading XML bean definitions from file [C:/Users/tomm/Desktop/workplace/github项目/longai/longai/src/conf/applicationContext.xml]
八月 18, 2015 3:09:00 下午 org.springframework.beans.factory.xml.XmlBeanDefinitionReader loadBeanDefinitions
信息: Loading XML bean definitions from file [C:/Users/tomm/Desktop/workplace/github项目/longai/longai/src/conf/springmvc-servlet.xml]
八月 18, 2015 3:09:03 下午 org.springframework.beans.factory.xml.XmlBeanDefinitionReader loadBeanDefinitions
信息: Loading XML bean definitions from file [C:/Users/tomm/Desktop/workplace/github项目/longai/longai/src/conf/applicationContext.xml]
八月 18, 2015 3:09:03 下午 org.springframework.beans.factory.xml.XmlBeanDefinitionReader loadBeanDefinitions
信息: Loading XML bean definitions from file [C:/Users/tomm/Desktop/workplace/github项目/longai/longai/src/conf/springmvc-servlet.xml]
八月 18, 2015 3:09:26 下午 org.springframework.beans.factory.xml.XmlBeanDefinitionReader loadBeanDefinitions
信息: Loading XML bean definitions from file [C:/Users/tomm/Desktop/workplace/github项目/longai/longai/src/conf/applicationContext.xml]
八月 18, 2015 3:09:26 下午 org.springframework.beans.factory.xml.XmlBeanDefinitionReader loadBeanDefinitions
信息: Loading XML bean definitions from file [C:/Users/tomm/Desktop/workplace/github项目/longai/longai/src/conf/springmvc-servlet.xml]
八月 18, 2015 3:11:31 下午 org.springframework.beans.factory.xml.XmlBeanDefinitionReader loadBeanDefinitions
信息: Loading XML bean definitions from file [C:/Users/tomm/Desktop/workplace/github项目/longai/longai/src/conf/applicationContext.xml]
八月 18, 2015 3:11:31 下午 org.springframework.beans.factory.xml.XmlBeanDefinitionReader loadBeanDefinitions
信息: Loading XML bean definitions from file [C:/Users/tomm/Desktop/workplace/github项目/longai/longai/src/conf/springmvc-servlet.xml]
八月 18, 2015 3:11:41 下午 org.springframework.beans.factory.xml.XmlBeanDefinitionReader loadBeanDefinitions
信息: Loading XML bean definitions from file [C:/Users/tomm/Desktop/workplace/github项目/longai/longai/src/conf/applicationContext.xml]
八月 18, 2015 3:11:41 下午 org.springframework.beans.factory.xml.XmlBeanDefinitionReader loadBeanDefinitions
信息: Loading XML bean definitions from file [C:/Users/tomm/Desktop/workplace/github项目/longai/longai/src/conf/springmvc-servlet.xml]
八月 18, 2015 3:11:47 下午 org.springframework.beans.factory.xml.XmlBeanDefinitionReader loadBeanDefinitions
信息: Loading XML bean definitions from file [C:/Users/tomm/Desktop/workplace/github项目/longai/longai/src/conf/applicationContext.xml]
八月 18, 2015 3:11:48 下午 org.springframework.beans.factory.xml.XmlBeanDefinitionReader loadBeanDefinitions
信息: Loading XML bean definitions from file [C:/Users/tomm/Desktop/workplace/github项目/longai/longai/src/conf/springmvc-servlet.xml]
八月 18, 2015 3:11:54 下午 org.springframework.beans.factory.xml.XmlBeanDefinitionReader loadBeanDefinitions
信息: Loading XML bean definitions from file [C:/Users/tomm/Desktop/workplace/github项目/longai/longai/src/conf/applicationContext.xml]
八月 18, 2015 3:11:54 下午 org.springframework.beans.factory.xml.XmlBeanDefinitionReader loadBeanDefinitions
信息: Loading XML bean definitions from file [C:/Users/tomm/Desktop/workplace/github项目/longai/longai/src/conf/springmvc-servlet.xml]
八月 18, 2015 3:12:03 下午 org.springframework.beans.factory.xml.XmlBeanDefinitionReader loadBeanDefinitions
信息: Loading XML bean definitions from file [C:/Users/tomm/Desktop/workplace/github项目/longai/longai/src/conf/applicationContext.xml]
八月 18, 2015 3:12:03 下午 org.springframework.beans.factory.xml.XmlBeanDefinitionReader loadBeanDefinitions
信息: Loading XML bean definitions from file [C:/Users/tomm/Desktop/workplace/github项目/longai/longai/src/conf/springmvc-servlet.xml]
八月 18, 2015 3:12:10 下午 org.springframework.beans.factory.xml.XmlBeanDefinitionReader loadBeanDefinitions
信息: Loading XML bean definitions from file [C:/Users/tomm/Desktop/workplace/github项目/longai/longai/src/conf/applicationContext.xml]
八月 18, 2015 3:12:10 下午 org.springframework.beans.factory.xml.XmlBeanDefinitionReader loadBeanDefinitions
信息: Loading XML bean definitions from file [C:/Users/tomm/Desktop/workplace/github项目/longai/longai/src/conf/springmvc-servlet.xml]
八月 18, 2015 3:12:17 下午 org.springframework.beans.factory.xml.XmlBeanDefinitionReader loadBeanDefinitions
信息: Loading XML bean definitions from file [C:/Users/tomm/Desktop/workplace/github项目/longai/longai/src/conf/applicationContext.xml]
八月 18, 2015 3:12:17 下午 org.springframework.beans.factory.xml.XmlBeanDefinitionReader loadBeanDefinitions
信息: Loading XML bean definitions from file [C:/Users/tomm/Desktop/workplace/github项目/longai/longai/src/conf/springmvc-servlet.xml]
八月 18, 2015 3:13:00 下午 org.springframework.beans.factory.xml.XmlBeanDefinitionReader loadBeanDefinitions
信息: Loading XML bean definitions from file [C:/Users/tomm/Desktop/workplace/github项目/longai/longai/src/conf/applicationContext.xml]
八月 18, 2015 3:13:00 下午 org.springframework.beans.factory.xml.XmlBeanDefinitionReader loadBeanDefinitions
信息: Loading XML bean definitions from file [C:/Users/tomm/Desktop/workplace/github项目/longai/longai/src/conf/springmvc-servlet.xml]
八月 18, 2015 3:13:01 下午 org.springframework.beans.factory.xml.XmlBeanDefinitionReader loadBeanDefinitions
信息: Loading XML bean definitions from file [C:/Users/tomm/Desktop/workplace/github项目/longai/longai/src/conf/applicationContext.xml]
八月 18, 2015 3:13:01 下午 org.springframework.beans.factory.xml.XmlBeanDefinitionReader loadBeanDefinitions
信息: Loading XML bean definitions from file [C:/Users/tomm/Desktop/workplace/github项目/longai/longai/src/conf/springmvc-servlet.xml]
八月 18, 2015 3:13:06 下午 org.springframework.beans.factory.xml.XmlBeanDefinitionReader loadBeanDefinitions
信息: Loading XML bean definitions from file [C:/Users/tomm/Desktop/workplace/github项目/longai/longai/src/conf/applicationContext.xml]
八月 18, 2015 3:13:06 下午 org.springframework.beans.factory.xml.XmlBeanDefinitionReader loadBeanDefinitions
信息: Loading XML bean definitions from file [C:/Users/tomm/Desktop/workplace/github项目/longai/longai/src/conf/springmvc-servlet.xml]
八月 18, 2015 3:14:53 下午 org.springframework.beans.factory.xml.XmlBeanDefinitionReader loadBeanDefinitions
信息: Loading XML bean definitions from file [C:/Users/tomm/Desktop/workplace/github项目/longai/longai/src/conf/applicationContext.xml]
八月 18, 2015 3:14:53 下午 org.springframework.beans.factory.xml.XmlBeanDefinitionReader loadBeanDefinitions
信息: Loading XML bean definitions from file [C:/Users/tomm/Desktop/workplace/github项目/longai/longai/src/conf/springmvc-servlet.xml]
八月 18, 2015 3:15:04 下午 org.springframework.beans.factory.xml.XmlBeanDefinitionReader loadBeanDefinitions
信息: Loading XML bean definitions from file [C:/Users/tomm/Desktop/workplace/github项目/longai/longai/src/conf/applicationContext.xml]
八月 18, 2015 3:15:04 下午 org.springframework.beans.factory.xml.XmlBeanDefinitionReader loadBeanDefinitions
信息: Loading XML bean definitions from file [C:/Users/tomm/Desktop/workplace/github项目/longai/longai/src/conf/springmvc-servlet.xml]
八月 18, 2015 3:15:34 下午 org.springframework.beans.factory.xml.XmlBeanDefinitionReader loadBeanDefinitions
信息: Loading XML bean definitions from file [C:/Users/tomm/Desktop/workplace/github项目/longai/longai/src/conf/applicationContext.xml]
八月 18, 2015 3:15:35 下午 org.springframework.beans.factory.xml.XmlBeanDefinitionReader loadBeanDefinitions
信息: Loading XML bean definitions from file [C:/Users/tomm/Desktop/workplace/github项目/longai/longai/src/conf/springmvc-servlet.xml]
八月 18, 2015 3:16:06 下午 org.springframework.beans.factory.xml.XmlBeanDefinitionReader loadBeanDefinitions
信息: Loading XML bean definitions from file [C:/Users/tomm/Desktop/workplace/github项目/longai/longai/src/conf/applicationContext.xml]
八月 18, 2015 3:16:06 下午 org.springframework.beans.factory.xml.XmlBeanDefinitionReader loadBeanDefinitions
信息: Loading XML bean definitions from file [C:/Users/tomm/Desktop/workplace/github项目/longai/longai/src/conf/springmvc-servlet.xml]
八月 18, 2015 3:16:23 下午 org.springframework.beans.factory.xml.XmlBeanDefinitionReader loadBeanDefinitions
信息: Loading XML bean definitions from file [C:/Users/tomm/Desktop/workplace/github项目/longai/longai/src/conf/applicationContext.xml]
八月 18, 2015 3:16:24 下午 org.springframework.beans.factory.xml.XmlBeanDefinitionReader loadBeanDefinitions
信息: Loading XML bean definitions from file [C:/Users/tomm/Desktop/workplace/github项目/longai/longai/src/conf/springmvc-servlet.xml]
八月 18, 2015 3:16:50 下午 org.springframework.beans.factory.xml.XmlBeanDefinitionReader loadBeanDefinitions
信息: Loading XML bean definitions from file [C:/Users/tomm/Desktop/workplace/github项目/longai/longai/src/conf/applicationContext.xml]
八月 18, 2015 3:16:50 下午 org.springframework.beans.factory.xml.XmlBeanDefinitionReader loadBeanDefinitions
信息: Loading XML bean definitions from file [C:/Users/tomm/Desktop/workplace/github项目/longai/longai/src/conf/springmvc-servlet.xml]
八月 18, 2015 3:17:07 下午 org.springframework.beans.factory.xml.XmlBeanDefinitionReader loadBeanDefinitions
信息: Loading XML bean definitions from file [C:/Users/tomm/Desktop/workplace/github项目/longai/longai/src/conf/applicationContext.xml]
八月 18, 2015 3:17:07 下午 org.springframework.beans.factory.xml.XmlBeanDefinitionReader loadBeanDefinitions
信息: Loading XML bean definitions from file [C:/Users/tomm/Desktop/workplace/github项目/longai/longai/src/conf/springmvc-servlet.xml]
八月 18, 2015 3:17:35 下午 org.springframework.beans.factory.xml.XmlBeanDefinitionReader loadBeanDefinitions
信息: Loading XML bean definitions from file [C:/Users/tomm/Desktop/workplace/github项目/longai/longai/src/conf/applicationContext.xml]
八月 18, 2015 3:17:36 下午 org.springframework.beans.factory.xml.XmlBeanDefinitionReader loadBeanDefinitions
信息: Loading XML bean definitions from file [C:/Users/tomm/Desktop/workplace/github项目/longai/longai/src/conf/springmvc-servlet.xml]
八月 18, 2015 3:17:55 下午 org.springframework.beans.factory.xml.XmlBeanDefinitionReader loadBeanDefinitions
信息: Loading XML bean definitions from file [C:/Users/tomm/Desktop/workplace/github项目/longai/longai/src/conf/applicationContext.xml]
八月 18, 2015 3:17:55 下午 org.springframework.beans.factory.xml.XmlBeanDefinitionReader loadBeanDefinitions
信息: Loading XML bean definitions from file [C:/Users/tomm/Desktop/workplace/github项目/longai/longai/src/conf/springmvc-servlet.xml]
八月 18, 2015 3:18:18 下午 org.springframework.beans.factory.xml.XmlBeanDefinitionReader loadBeanDefinitions
信息: Loading XML bean definitions from file [C:/Users/tomm/Desktop/workplace/github项目/longai/longai/src/conf/applicationContext.xml]
八月 18, 2015 3:18:18 下午 org.springframework.beans.factory.xml.XmlBeanDefinitionReader loadBeanDefinitions
信息: Loading XML bean definitions from file [C:/Users/tomm/Desktop/workplace/github项目/longai/longai/src/conf/springmvc-servlet.xml]
八月 18, 2015 3:18:42 下午 org.springframework.beans.factory.xml.XmlBeanDefinitionReader loadBeanDefinitions
信息: Loading XML bean definitions from file [C:/Users/tomm/Desktop/workplace/github项目/longai/longai/src/conf/applicationContext.xml]
八月 18, 2015 3:18:42 下午 org.springframework.beans.factory.xml.XmlBeanDefinitionReader loadBeanDefinitions
信息: Loading XML bean definitions from file [C:/Users/tomm/Desktop/workplace/github项目/longai/longai/src/conf/springmvc-servlet.xml]
八月 18, 2015 3:19:01 下午 org.springframework.beans.factory.xml.XmlBeanDefinitionReader loadBeanDefinitions
信息: Loading XML bean definitions from file [C:/Users/tomm/Desktop/workplace/github项目/longai/longai/src/conf/applicationContext.xml]
八月 18, 2015 3:19:01 下午 org.springframework.beans.factory.xml.XmlBeanDefinitionReader loadBeanDefinitions
信息: Loading XML bean definitions from file [C:/Users/tomm/Desktop/workplace/github项目/longai/longai/src/conf/springmvc-servlet.xml]
