Tue Aug 18 09:13:57 CST 2015  [debug] AvalonLogSystem initialized using logfile 'C:\Users\tomm\Desktop\workplace\githubÏîÄ¿\longai\.metadata\.plugins\com.genuitec.eclipse.templates\velocity.log'
Tue Aug 18 09:13:57 CST 2015   [info] ************************************************************** 
Tue Aug 18 09:13:57 CST 2015   [info] Starting Jakarta Velocity v1.4
Tue Aug 18 09:13:57 CST 2015   [info] RuntimeInstance initializing.
Tue Aug 18 09:13:57 CST 2015   [info] Default Properties File: org\apache\velocity\runtime\defaults\velocity.properties
Tue Aug 18 09:13:57 CST 2015   [info] Trying to use logger class org.apache.velocity.runtime.log.AvalonLogSystem
Tue Aug 18 09:13:57 CST 2015   [info] Using logger class org.apache.velocity.runtime.log.AvalonLogSystem
Tue Aug 18 09:13:57 CST 2015   [info] Default ResourceManager initializing. (class org.apache.velocity.runtime.resource.ResourceManagerImpl)
Tue Aug 18 09:13:57 CST 2015   [info] Resource Loader Instantiated: com.genuitec.eclipse.templates.internal.PluginResourceLoader
Tue Aug 18 09:13:57 CST 2015   [info] ResourceCache : initialized. (class org.apache.velocity.runtime.resource.ResourceCacheImpl)
Tue Aug 18 09:13:57 CST 2015   [info] Default ResourceManager initialization complete.
Tue Aug 18 09:13:57 CST 2015   [info] Loaded System Directive: org.apache.velocity.runtime.directive.Literal
Tue Aug 18 09:13:57 CST 2015   [info] Loaded System Directive: org.apache.velocity.runtime.directive.Macro
Tue Aug 18 09:13:57 CST 2015   [info] Loaded System Directive: org.apache.velocity.runtime.directive.Parse
Tue Aug 18 09:13:57 CST 2015   [info] Loaded System Directive: org.apache.velocity.runtime.directive.Include
Tue Aug 18 09:13:57 CST 2015   [info] Loaded System Directive: org.apache.velocity.runtime.directive.Foreach
Tue Aug 18 09:13:57 CST 2015   [info] Created: 20 parsers.
Tue Aug 18 09:13:57 CST 2015   [info] Velocimacro : initialization starting.
Tue Aug 18 09:13:57 CST 2015   [info] Velocimacro : adding VMs from VM library template : VM_global_library.vm
Tue Aug 18 09:13:57 CST 2015  [error] ResourceManager : unable to find resource 'VM_global_library.vm' in any resource loader.
Tue Aug 18 09:13:57 CST 2015   [info] Velocimacro : error using  VM library template VM_global_library.vm : org.apache.velocity.exception.ResourceNotFoundException: Unable to find resource 'VM_global_library.vm'
Tue Aug 18 09:13:57 CST 2015   [info] Velocimacro :  VM library template macro registration complete.
Tue Aug 18 09:13:57 CST 2015   [info] Velocimacro : allowInline = true : VMs can be defined inline in templates
Tue Aug 18 09:13:57 CST 2015   [info] Velocimacro : allowInlineToOverride = true : VMs defined inline may replace previous VM definitions
Tue Aug 18 09:13:57 CST 2015   [info] Velocimacro : allowInlineLocal = true : VMs defined inline will be local to their defining template only.
Tue Aug 18 09:13:57 CST 2015   [info] Velocimacro : messages on  : VM system will output logging messages
Tue Aug 18 09:13:57 CST 2015   [info] Velocimacro : autoload off  : VM system will not automatically reload global library macros
Tue Aug 18 09:13:57 CST 2015   [info] Velocimacro : initialization complete.
Tue Aug 18 09:13:57 CST 2015   [info] Velocity successfully started.
Tue Aug 18 09:13:57 CST 2015   [info] ResourceManager : found data/2.1/struts.xml.vtl with loader com.genuitec.eclipse.templates.internal.PluginResourceLoader
Tue Aug 18 09:15:42 CST 2015   [info] ResourceManager : found data/1.2/applicationContext-template-2.xml.vtl with loader com.genuitec.eclipse.templates.internal.PluginResourceLoader
